2021-07-09 10:18:20: server start : http://localhost:3001
2021-07-09 10:18:31: 中间件1
2021-07-09 10:18:31: 注册路由=>方法:get, 地址:/api/test/info
2021-07-09 10:18:31: 注册路由=>方法:get, 地址:/api/test/page
2021-07-09 10:18:31: 注册路由=>方法:get, 地址:/test1/page
2021-07-09 10:18:31: 注册路由=>方法:get, 地址:/test10/page
2021-07-09 10:18:31: 注册路由=>方法:get, 地址:/test2/page
2021-07-09 10:18:31: 注册路由=>方法:get, 地址:/test3/page
2021-07-09 10:18:31: 注册路由=>方法:get, 地址:/test4/page
2021-07-09 10:18:31: 注册路由=>方法:get, 地址:/test5/page
2021-07-09 10:18:31: 注册路由=>方法:get, 地址:/test6/page
2021-07-09 10:18:31: 注册路由=>方法:get, 地址:/test7/page
2021-07-09 10:18:31: 注册路由=>方法:get, 地址:/test8/page
2021-07-09 10:18:31: 注册路由=>方法:get, 地址:/test9/page
2021-07-09 10:18:31: undefined
2021-07-09 10:19:06: 中间件1
2021-07-09 10:19:06: 注册路由=>方法:get, 地址:/api/test/info
2021-07-09 10:19:06: 注册路由=>方法:get, 地址:/api/test/page
2021-07-09 10:19:06: 注册路由=>方法:get, 地址:/test1/page
2021-07-09 10:19:06: 注册路由=>方法:get, 地址:/test10/page
2021-07-09 10:19:06: 注册路由=>方法:get, 地址:/test2/page
2021-07-09 10:19:06: 注册路由=>方法:get, 地址:/test3/page
2021-07-09 10:19:06: 注册路由=>方法:get, 地址:/test4/page
2021-07-09 10:19:06: 注册路由=>方法:get, 地址:/test5/page
2021-07-09 10:19:06: 注册路由=>方法:get, 地址:/test6/page
2021-07-09 10:19:06: 注册路由=>方法:get, 地址:/test7/page
2021-07-09 10:19:06: 注册路由=>方法:get, 地址:/test8/page
2021-07-09 10:19:06: 注册路由=>方法:get, 地址:/test9/page
2021-07-09 10:19:06: undefined
2021-07-09 10:19:07: 中间件1
2021-07-09 10:19:07: 注册路由=>方法:get, 地址:/api/test/info
2021-07-09 10:19:07: 注册路由=>方法:get, 地址:/api/test/page
2021-07-09 10:19:07: 注册路由=>方法:get, 地址:/test1/page
2021-07-09 10:19:07: 注册路由=>方法:get, 地址:/test10/page
2021-07-09 10:19:07: 注册路由=>方法:get, 地址:/test2/page
2021-07-09 10:19:07: 注册路由=>方法:get, 地址:/test3/page
2021-07-09 10:19:07: 注册路由=>方法:get, 地址:/test4/page
2021-07-09 10:19:07: 注册路由=>方法:get, 地址:/test5/page
2021-07-09 10:19:07: 注册路由=>方法:get, 地址:/test6/page
2021-07-09 10:19:07: 注册路由=>方法:get, 地址:/test7/page
2021-07-09 10:19:07: 注册路由=>方法:get, 地址:/test8/page
2021-07-09 10:19:07: 注册路由=>方法:get, 地址:/test9/page
2021-07-09 10:19:07: undefined
2021-07-09 10:19:07: 中间件1
2021-07-09 10:19:07: 注册路由=>方法:get, 地址:/api/test/info
2021-07-09 10:19:07: 注册路由=>方法:get, 地址:/api/test/page
2021-07-09 10:19:07: 注册路由=>方法:get, 地址:/test1/page
2021-07-09 10:19:07: 注册路由=>方法:get, 地址:/test10/page
2021-07-09 10:19:07: 注册路由=>方法:get, 地址:/test2/page
2021-07-09 10:19:07: 注册路由=>方法:get, 地址:/test3/page
2021-07-09 10:19:07: 注册路由=>方法:get, 地址:/test4/page
2021-07-09 10:19:07: 注册路由=>方法:get, 地址:/test5/page
2021-07-09 10:19:07: 注册路由=>方法:get, 地址:/test6/page
2021-07-09 10:19:07: 注册路由=>方法:get, 地址:/test7/page
2021-07-09 10:19:07: 注册路由=>方法:get, 地址:/test8/page
2021-07-09 10:19:07: 注册路由=>方法:get, 地址:/test9/page
2021-07-09 10:19:07: undefined
2021-07-09 10:19:07: 中间件1
2021-07-09 10:19:07: 注册路由=>方法:get, 地址:/api/test/info
2021-07-09 10:19:07: 注册路由=>方法:get, 地址:/api/test/page
2021-07-09 10:19:07: 注册路由=>方法:get, 地址:/test1/page
2021-07-09 10:19:07: 注册路由=>方法:get, 地址:/test10/page
2021-07-09 10:19:07: 注册路由=>方法:get, 地址:/test2/page
2021-07-09 10:19:07: 注册路由=>方法:get, 地址:/test3/page
2021-07-09 10:19:07: 注册路由=>方法:get, 地址:/test4/page
2021-07-09 10:19:07: 注册路由=>方法:get, 地址:/test5/page
2021-07-09 10:19:07: 注册路由=>方法:get, 地址:/test6/page
2021-07-09 10:19:07: 注册路由=>方法:get, 地址:/test7/page
2021-07-09 10:19:07: 注册路由=>方法:get, 地址:/test8/page
2021-07-09 10:19:07: 注册路由=>方法:get, 地址:/test9/page
2021-07-09 10:19:07: undefined
2021-07-09 10:19:07: 中间件1
2021-07-09 10:19:07: 注册路由=>方法:get, 地址:/api/test/info
2021-07-09 10:19:07: 注册路由=>方法:get, 地址:/api/test/page
2021-07-09 10:19:07: 注册路由=>方法:get, 地址:/test1/page
2021-07-09 10:19:07: 注册路由=>方法:get, 地址:/test10/page
2021-07-09 10:19:07: 注册路由=>方法:get, 地址:/test2/page
2021-07-09 10:19:07: 注册路由=>方法:get, 地址:/test3/page
2021-07-09 10:19:07: 注册路由=>方法:get, 地址:/test4/page
2021-07-09 10:19:07: 注册路由=>方法:get, 地址:/test5/page
2021-07-09 10:19:07: 注册路由=>方法:get, 地址:/test6/page
2021-07-09 10:19:07: 注册路由=>方法:get, 地址:/test7/page
2021-07-09 10:19:07: 注册路由=>方法:get, 地址:/test8/page
2021-07-09 10:19:07: 注册路由=>方法:get, 地址:/test9/page
2021-07-09 10:19:07: undefined
2021-07-09 10:19:08: 中间件1
2021-07-09 10:19:08: 注册路由=>方法:get, 地址:/api/test/info
2021-07-09 10:19:08: 注册路由=>方法:get, 地址:/api/test/page
2021-07-09 10:19:08: 注册路由=>方法:get, 地址:/test1/page
2021-07-09 10:19:08: 注册路由=>方法:get, 地址:/test10/page
2021-07-09 10:19:08: 注册路由=>方法:get, 地址:/test2/page
2021-07-09 10:19:08: 注册路由=>方法:get, 地址:/test3/page
2021-07-09 10:19:08: 注册路由=>方法:get, 地址:/test4/page
2021-07-09 10:19:08: 注册路由=>方法:get, 地址:/test5/page
2021-07-09 10:19:08: 注册路由=>方法:get, 地址:/test6/page
2021-07-09 10:19:08: 注册路由=>方法:get, 地址:/test7/page
2021-07-09 10:19:08: 注册路由=>方法:get, 地址:/test8/page
2021-07-09 10:19:08: 注册路由=>方法:get, 地址:/test9/page
2021-07-09 10:19:08: undefined
